2024-09-16 20:19:55 Loading main app package /nix/store/2xb6a506kasinf4c66qd9nv29snw5b4s-obsidian-1.5.12/share/obsidian/obsidian.asar
2024-09-16 20:19:56 Checking for update using Github
2024-09-16 20:19:56 Success.
2024-09-16 20:19:56 Latest version is 1.6.7
2024-09-16 20:19:56 Downloading update from https://github.com/obsidianmd/obsidian-releases/releases/download/v1.6.7/obsidian-1.6.7.asar.gz
2024-09-16 20:19:58 Verifying hash & signature. Size= 7993245
2024-09-16 20:19:58 Saving file
2024-09-16 20:19:58 Update complete.
2024-09-16 20:22:30 Loading updated app package /home/boccher/.config/obsidian/obsidian-1.6.7.asar
2024-09-16 20:22:30 Checking for update using Github
2024-09-16 20:22:30 Success.
2024-09-16 20:22:30 Latest version is 1.6.7
2024-09-16 20:22:30 App is up to date.
2024-09-16 21:22:30 Checking for update using Github
2024-09-16 21:22:30 Success.
2024-09-16 21:22:30 Latest version is 1.6.7
2024-09-16 21:22:30 App is up to date.
2024-09-16 21:25:39 Loading updated app package /home/boccher/.config/obsidian/obsidian-1.6.7.asar
2024-09-16 21:25:39 Checking for update using Github
2024-09-16 21:25:39 Success.
2024-09-16 21:25:39 Latest version is 1.6.7
2024-09-16 21:25:39 App is up to date.
2024-09-16 21:27:28 Loading updated app package /home/boccher/.config/obsidian/obsidian-1.6.7.asar
2024-09-16 21:27:28 Checking for update using Github
2024-09-16 21:27:28 Success.
2024-09-16 21:27:28 Latest version is 1.6.7
2024-09-16 21:27:28 App is up to date.
2024-09-16 21:28:58 Loading updated app package /home/boccher/.config/obsidian/obsidian-1.6.7.asar
2024-09-16 21:28:58 Checking for update using Github
2024-09-16 21:28:59 Success.
2024-09-16 21:28:59 Latest version is 1.6.7
2024-09-16 21:28:59 App is up to date.
2024-09-17 21:08:33 Loading updated app package /home/boccher/.config/obsidian/obsidian-1.6.7.asar
2024-09-17 21:08:33 Checking for update using Github
2024-09-17 21:08:34 Success.
2024-09-17 21:08:34 Latest version is 1.6.7
2024-09-17 21:08:34 App is up to date.
2024-09-22 09:28:24 Loading updated app package /home/boccher/.config/obsidian/obsidian-1.6.7.asar
2024-09-22 09:28:24 Checking for update using Github
2024-09-22 09:28:25 Success.
2024-09-22 09:28:25 Latest version is 1.6.7
2024-09-22 09:28:25 App is up to date.
2024-09-22 19:01:25 Loading updated app package /home/boccher/.config/obsidian/obsidian-1.6.7.asar
2024-09-22 19:01:25 Checking for update using Github
2024-09-22 19:01:26 Success.
2024-09-22 19:01:26 Latest version is 1.6.7
2024-09-22 19:01:26 App is up to date.
2024-09-22 20:43:31 Checking for update using Github
2024-09-22 20:43:31 Success.
2024-09-22 20:43:31 Latest version is 1.6.7
2024-09-22 20:43:31 App is up to date.
2024-09-29 12:18:52 Loading updated app package /home/boccher/.config/obsidian/obsidian-1.6.7.asar
2024-09-29 12:18:52 Checking for update using Github
2024-09-29 12:18:53 Success.
2024-09-29 12:18:53 Latest version is 1.6.7
2024-09-29 12:18:53 App is up to date.
