2024-09-29 14:32:03.345 [info] Reading sessions from keychain...
2024-09-29 14:32:03.345 [info] Getting sessions for all scopes...
2024-09-29 14:32:03.345 [info] Got 0 sessions for ...
2024-09-29 14:32:03.345 [info] Getting sessions for read:user,repo,user:email,workflow...
2024-09-29 14:32:03.345 [info] Got 0 sessions for read:user,repo,user:email,workflow...
2024-09-29 14:32:03.345 [info] Getting sessions for all scopes...
2024-09-29 14:32:03.345 [info] Got 0 sessions for ...
2024-09-29 14:32:03.345 [info] Getting sessions for all scopes...
2024-09-29 14:32:03.345 [info] Got 0 sessions for ...
2024-09-29 14:32:03.345 [info] Getting sessions for all scopes...
2024-09-29 14:32:03.345 [info] Got 0 sessions for ...
2024-09-29 14:32:03.345 [info] Getting sessions for read:user...
2024-09-29 14:32:03.345 [info] Got 0 sessions for read:user...
2024-09-29 14:32:03.345 [info] Getting sessions for user:email...
2024-09-29 14:32:03.345 [info] Got 0 sessions for user:email...
2024-09-29 14:32:03.345 [info] Getting sessions for read:user,repo,user:email,workflow...
2024-09-29 14:32:03.345 [info] Got 0 sessions for read:user,repo,user:email,workflow...
2024-09-29 14:32:03.353 [info] Getting sessions for user:email...
2024-09-29 14:32:03.353 [info] Got 0 sessions for user:email...
2024-09-29 14:32:04.088 [info] Getting sessions for all scopes...
2024-09-29 14:32:04.088 [info] Got 0 sessions for ...
2024-09-29 14:32:04.097 [info] Getting sessions for user:email...
2024-09-29 14:32:04.097 [info] Got 0 sessions for user:email...
2024-09-29 14:32:05.687 [info] Getting sessions for read:user,repo,user:email,workflow...
2024-09-29 14:32:05.687 [info] Got 0 sessions for read:user,repo,user:email,workflow...
2024-09-29 14:32:05.689 [info] Getting sessions for read:user...
2024-09-29 14:32:05.689 [info] Got 0 sessions for read:user...
2024-09-29 14:32:05.691 [info] Getting sessions for user:email...
2024-09-29 14:32:05.691 [info] Got 0 sessions for user:email...
