2024-09-29 14:32:03.333 [info] [main] Log level: Info
2024-09-29 14:32:03.333 [info] [main] Validating found git in: "git"
2024-09-29 14:32:03.333 [info] [main] Using git "2.44.1" from "git"
2024-09-29 14:32:03.333 [info] [Model][doInitialScan] Initial repository scan started
2024-09-29 14:32:03.333 [info] > git rev-parse --show-toplevel [11ms]
2024-09-29 14:32:03.333 [info] > git rev-parse --path-format=relative --show-toplevel [23ms]
2024-09-29 14:32:03.338 [info] > git rev-parse --show-toplevel [2ms]
2024-09-29 14:32:03.344 [info] > git rev-parse --path-format=relative --show-toplevel [3ms]
2024-09-29 14:32:03.361 [info] > git rev-parse --show-toplevel [8ms]
2024-09-29 14:32:03.368 [info] > git rev-parse --path-format=relative --show-toplevel [3ms]
2024-09-29 14:32:04.070 [info] > git rev-parse --show-toplevel [698ms]
2024-09-29 14:32:04.087 [info] > git rev-parse --path-format=relative --show-toplevel [13ms]
2024-09-29 14:32:04.093 [info] > git rev-parse --show-toplevel [1ms]
2024-09-29 14:32:04.100 [info] > git rev-parse --path-format=relative --show-toplevel [3ms]
2024-09-29 14:32:04.106 [info] > git rev-parse --show-toplevel [1ms]
2024-09-29 14:32:04.110 [info] > git rev-parse --path-format=relative --show-toplevel [1ms]
2024-09-29 14:32:04.115 [info] > git rev-parse --show-toplevel [1ms]
2024-09-29 14:32:04.120 [info] > git rev-parse --path-format=relative --show-toplevel [2ms]
2024-09-29 14:32:04.128 [info] > git rev-parse --show-toplevel [2ms]
2024-09-29 14:32:04.134 [info] > git rev-parse --path-format=relative --show-toplevel [1ms]
2024-09-29 14:32:04.141 [info] > git rev-parse --show-toplevel [2ms]
2024-09-29 14:32:04.146 [info] > git rev-parse --path-format=relative --show-toplevel [1ms]
2024-09-29 14:32:04.151 [info] > git rev-parse --show-toplevel [1ms]
2024-09-29 14:32:04.158 [info] > git rev-parse --path-format=relative --show-toplevel [4ms]
2024-09-29 14:32:04.164 [info] > git rev-parse --show-toplevel [1ms]
2024-09-29 14:32:04.169 [info] > git rev-parse --path-format=relative --show-toplevel [1ms]
2024-09-29 14:32:04.176 [info] > git rev-parse --show-toplevel [1ms]
2024-09-29 14:32:04.183 [info] > git rev-parse --path-format=relative --show-toplevel [1ms]
2024-09-29 14:32:04.188 [info] > git rev-parse --show-toplevel [1ms]
2024-09-29 14:32:04.199 [info] > git rev-parse --path-format=relative --show-toplevel [7ms]
2024-09-29 14:32:04.204 [info] > git rev-parse --show-toplevel [1ms]
2024-09-29 14:32:04.209 [info] > git rev-parse --path-format=relative --show-toplevel [1ms]
2024-09-29 14:32:04.214 [info] > git rev-parse --show-toplevel [1ms]
2024-09-29 14:32:04.218 [info] > git rev-parse --path-format=relative --show-toplevel [1ms]
2024-09-29 14:32:04.223 [info] > git rev-parse --show-toplevel [1ms]
2024-09-29 14:32:04.227 [info] > git rev-parse --path-format=relative --show-toplevel [1ms]
2024-09-29 14:32:04.232 [info] > git rev-parse --show-toplevel [1ms]
2024-09-29 14:32:04.237 [info] > git rev-parse --path-format=relative --show-toplevel [1ms]
2024-09-29 14:32:04.241 [info] > git rev-parse --show-toplevel [1ms]
2024-09-29 14:32:04.246 [info] > git rev-parse --path-format=relative --show-toplevel [1ms]
2024-09-29 14:32:04.251 [info] > git rev-parse --show-toplevel [1ms]
2024-09-29 14:32:04.254 [info] > git rev-parse --path-format=relative --show-toplevel [1ms]
2024-09-29 14:32:04.259 [info] > git rev-parse --show-toplevel [1ms]
2024-09-29 14:32:04.264 [info] > git rev-parse --path-format=relative --show-toplevel [1ms]
2024-09-29 14:32:04.268 [info] > git rev-parse --show-toplevel [1ms]
2024-09-29 14:32:04.272 [info] > git rev-parse --path-format=relative --show-toplevel [1ms]
2024-09-29 14:32:04.277 [info] > git rev-parse --show-toplevel [1ms]
2024-09-29 14:32:04.281 [info] > git rev-parse --path-format=relative --show-toplevel [0ms]
2024-09-29 14:32:04.286 [info] > git rev-parse --show-toplevel [1ms]
2024-09-29 14:32:04.290 [info] > git rev-parse --path-format=relative --show-toplevel [1ms]
2024-09-29 14:32:04.295 [info] > git rev-parse --show-toplevel [1ms]
2024-09-29 14:32:04.299 [info] > git rev-parse --path-format=relative --show-toplevel [1ms]
2024-09-29 14:32:04.303 [info] > git rev-parse --show-toplevel [1ms]
2024-09-29 14:32:04.308 [info] > git rev-parse --path-format=relative --show-toplevel [1ms]
2024-09-29 14:32:04.313 [info] > git rev-parse --show-toplevel [1ms]
2024-09-29 14:32:04.317 [info] > git rev-parse --path-format=relative --show-toplevel [1ms]
2024-09-29 14:32:04.323 [info] > git rev-parse --show-toplevel [2ms]
2024-09-29 14:32:04.326 [info] > git rev-parse --path-format=relative --show-toplevel [0ms]
2024-09-29 14:32:04.331 [info] > git rev-parse --show-toplevel [1ms]
2024-09-29 14:32:04.335 [info] > git rev-parse --path-format=relative --show-toplevel [1ms]
2024-09-29 14:32:04.338 [info] [Model][doInitialScan] Initial repository scan completed - repositories (0), closed repositories (0), parent repositories (1), unsafe repositories (0)
2024-09-29 14:33:02.824 [info] > git rev-parse --show-toplevel [1ms]
2024-09-29 14:33:02.830 [info] > git rev-parse --path-format=relative --show-toplevel [1ms]
